#
# A fatal error has been detected by the Java Runtime Environment:
#
#  SIGSEGV (0xb) at pc=0x000000010f122755, pid=4100, tid=6159
#
# JRE version: Java(TM) SE Runtime Environment (9.0+11) (build 9.0.1+11)
# Java VM: Java HotSpot(TM) 64-Bit Server VM (9.0.1+11, mixed mode, tiered, compressed oops, g1 gc, bsd-amd64)
# Problematic frame:
# C  [rsession+0x38755]
#
# No core dump will be written. Core dumps have been disabled. To enable core dumping, try "ulimit -c unlimited" before starting Java again
#
# If you would like to submit a bug report, please visit:
#   http://bugreport.java.com/bugreport/crash.jsp
#

---------------  S U M M A R Y ------------

Command Line: -Djava.awt.headless=true -Xmx512m -Xrs vfprintf exit -Xss2m 

Host: MacBookPro15,2 x86_64 2800 MHz, 8 cores, 16G, Darwin 21.6.0
Time: Tue Sep 13 11:27:25 2022 EDT elapsed time: 5186 seconds (0d 1h 26m 26s)

---------------  T H R E A D  ---------------

Current thread is native thread

Stack: [0x000070000ef56000,0x000070000efd6000],  sp=0x000070000efd5960,  free space=510k
Native frames: (J=compiled Java code, A=aot compiled Java code, j=interpreted, Vv=VM code, C=native code)
C  [rsession+0x38755]
C  [rsession+0x385ef]
C  [rsession+0x3850e]
C  [rsession+0x38241]
C  [rsession+0xab593e]  _ZN13rstudio_boost4asio6detail24descriptor_write_op_baseINS0_15const_buffers_1EE10do_performEPNS1_10reactor_opE+0x10d68e
C  [rsession+0xa5ae14]  _ZN13rstudio_boost4asio6detail24descriptor_write_op_baseINS0_15const_buffers_1EE10do_performEPNS1_10reactor_opE+0xb2b64
C  [rsession+0xa766c0]  _ZN13rstudio_boost4asio6detail24descriptor_write_op_baseINS0_15const_buffers_1EE10do_performEPNS1_10reactor_opE+0xce410
C  [rsession+0xa79fa5]  _ZN13rstudio_boost4asio6detail24descriptor_write_op_baseINS0_15const_buffers_1EE10do_performEPNS1_10reactor_opE+0xd1cf5
C  [rsession+0xa7a041]  _ZN13rstudio_boost4asio6detail24descriptor_write_op_baseINS0_15const_buffers_1EE10do_performEPNS1_10reactor_opE+0xd1d91
C  [rsession+0x1f2ac]
C  [rsession+0x1dccb]
C  [rsession+0xaebe98]  _ZN13rstudio_boost4asio6detail24descriptor_write_op_baseINS0_15const_buffers_1EE10do_performEPNS1_10reactor_opE+0x143be8
C  [libsystem_pthread.dylib+0x64e1]  _pthread_start+0x7d
C  [libsystem_pthread.dylib+0x1f6b]  thread_start+0xf


siginfo: si_signo: 11 (SIGSEGV), si_code: 1 (SEGV_MAPERR), si_addr: 0x00000eace2dc4848

Register to memory mapping:

RAX=0x0000000000000000 is an unknown value
RBX=0x00006000026a4820 is an unknown value
RCX=0x00007ff85c66a9e0: _ZZNSt3__112_GLOBAL__N_14makeINS_8messagesIcEEjEERT_T0_E3buf+0 in /usr/lib/libc++.1.dylib at 0x00007ff81ae98000
RDX=0x00007ff85c66a7c0: _ZZNSt3__112_GLOBAL__N_14makeINS_5ctypeIcEEDnbjEERT_T0_T1_T2_E3buf+0 in /usr/lib/libc++.1.dylib at 0x00007ff81ae98000
RSP=0x000070000efd5960 is an unknown value
RBP=0x000070000efd59e0 is an unknown value
RSI=0x00000eace2dc4820 is an unknown value
RDI=0x0000600000780920 is an unknown value
R8 =0x00000000000fd956 is an unknown value
R9 =0x00007ff85c66a7a0: _ZZNSt3__112_GLOBAL__N_14makeINS_7collateIcEEjEERT_T0_E3buf+0 in /usr/lib/libc++.1.dylib at 0x00007ff81ae98000
R10=0x000000010ff2c8b8: _ZGVZN13rstudio_boost4asio5error21get_addrinfo_categoryEvE8instance+0xa8 in /Applications/RStudio.app/Contents/MacOS/rsession at 0x000000010f0ea000
R11=0x00007f7cad20ca00 is an unknown value
R12=0x000070000efd5a40 is an unknown value
R13=0x000000010fec3489: <offset 0xdd9489> in /Applications/RStudio.app/Contents/MacOS/rsession at 0x000000010f0ea000
R14=0x000070000efd5a40 is an unknown value
R15=0x0000600000780920 is an unknown value


Registers:
RAX=0x0000000000000000, RBX=0x00006000026a4820, RCX=0x00007ff85c66a9e0, RDX=0x00007ff85c66a7c0
RSP=0x000070000efd5960, RBP=0x000070000efd59e0, RSI=0x00000eace2dc4820, RDI=0x0000600000780920
R8 =0x00000000000fd956, R9 =0x00007ff85c66a7a0, R10=0x000000010ff2c8b8, R11=0x00007f7cad20ca00
R12=0x000070000efd5a40, R13=0x000000010fec3489, R14=0x000070000efd5a40, R15=0x0000600000780920
RIP=0x000000010f122755, EFLAGS=0x0000000000010202, ERR=0x0000000000000004
  TRAPNO=0x000000000000000e

Top of Stack: (sp=0x000070000efd5960)
0x000070000efd5960:   000000000000ffff 0000000000000010
0x000070000efd5970:   0000000000000005 0000000000000010
0x000070000efd5980:   0000000000000010 000000010fec3400
0x000070000efd5990:   00000001100e0000 00007ff85c6b0000
0x000070000efd59a0:   000070000efd59d0 00007ff81ad605a4
0x000070000efd59b0:   00007ff81ad6056c 0000600000780920
0x000070000efd59c0:   000070000efd5a40 000000010fec3489
0x000070000efd59d0:   0000000000000005 000070000efd5a40
0x000070000efd59e0:   000070000efd5a30 000000010f1225ef
0x000070000efd59f0:   00007ff85c66a9e0 000070000efd5a68
0x000070000efd5a00:   000070000efd5a30 000000010ff2c8a0
0x000070000efd5a10:   00007ff85c66a701 00007f7cad20e050
0x000070000efd5a20:   0000600000780920 000070000efd5a68
0x000070000efd5a30:   000070000efd5a90 000000010f12250e
0x000070000efd5a40:   00007ff85c66aa00 00007ff85c66a7c0
0x000070000efd5a50:   00007ff85c66a9e0 00007ff85c66a7a0
0x000070000efd5a60:   00007ff85c66aa00 00007ff85c66aa00
0x000070000efd5a70:   00007f7cad20e050 0000000000000000
0x000070000efd5a80:   000000010fec3494 000070000efd5b00
0x000070000efd5a90:   000070000efd5af0 000000010f122241
0x000070000efd5aa0:   00000001100e0000 000000010fec3494
0x000070000efd5ab0:   000000010fec3489 000070000efd5bc8
0x000070000efd5ac0:   0000000000000061 0000000000000001
0x000070000efd5ad0:   0000000000000001 000070000efd5c20
0x000070000efd5ae0:   0000600003ca0308 000070000efd5c00
0x000070000efd5af0:   000070000efd5b50 000000010fb9f93e
0x000070000efd5b00:   0000000000000000 0000000000000000
0x000070000efd5b10:   00000001100e0000 000000010ff00f30
0x000070000efd5b20:   000000010ff0d2e0 0000000000000001
0x000070000efd5b30:   0000000000000001 000070000efd5c00
0x000070000efd5b40:   0000600003ca0308 00006000010a50c0
0x000070000efd5b50:   000070000efd5ba0 000000010fb44e14 

Instructions: (pc=0x000000010f122755)
0x000000010f122735:   a1 e0 00 eb 1b 66 0f 1f 44 00 00 0f 92 c0 0f b6
0x000000010f122745:   c0 84 c0 48 0f 44 de 48 8b 34 c6 48 85 f6 74 12
0x000000010f122755:   48 39 56 28 75 e5 48 39 4e 30 75 df 4c 39 4e 38
0x000000010f122765:   eb d9 48 8d 05 92 a1 e0 00 48 39 c3 74 16 48 3b 


---------------  P R O C E S S  ---------------

VM state:not at safepoint (normal execution)

VM Mutex/Monitor currently owned by a thread: None

Heap address: 0x00000007a0000000, size: 512 MB, Compressed Oops mode: Zero based, Oop shift amount: 3
Narrow klass base: 0x0000000000000000, Narrow klass shift: 3
Compressed class space size: 1073741824 Address: 0x00000007c0000000

Heap:
 garbage-first heap   total 262144K, used 1024K [0x00000007a0000000, 0x00000007a0100800, 0x00000007c0000000)
  region size 1024K, 2 young (2048K), 0 survivors (0K)
 Metaspace       used 4039K, capacity 4634K, committed 4864K, reserved 1056768K
  class space    used 363K, capacity 390K, committed 512K, reserved 1048576K
Heap Regions: E=young(eden), S=young(survivor), O=old, HS=humongous(starts), HC=humongous(continues), CS=collection set, F=free, A=archive, TS=gc time stamp, AC=allocation context, TAMS=top-at-mark-start (previous, next)
|   0|0x00000007a0000000, 0x00000007a0000000, 0x00000007a0100000|  0%| F|  |TS  0|AC  0|TAMS 0x00000007a0000000, 0x00000007a0000000|
|   1|0x00000007a0100000, 0x00000007a0100000, 0x00000007a0200000|  0%| F|  |TS  0|AC  0|TAMS 0x00000007a0100000, 0x00000007a0100000|
|   2|0x00000007a0200000, 0x00000007a0200000, 0x00000007a0300000|  0%| F|  |TS  0|AC  0|TAMS 0x00000007a0200000, 0x00000007a0200000|
|   3|0x00000007a0300000, 0x00000007a0300000, 0x00000007a0400000|  0%| F|  |TS  0|AC  0|TAMS 0x00000007a0300000, 0x00000007a0300000|
|   4|0x00000007a0400000, 0x00000007a0400000, 0x00000007a0500000|  0%| F|  |TS  0|AC  0|TAMS 0x00000007a0400000, 0x00000007a0400000|
|   5|0x00000007a0500000, 0x00000007a0500000, 0x00000007a0600000|  0%| F|  |TS  0|AC  0|TAMS 0x00000007a0500000, 0x00000007a0500000|
|   6|0x00000007a0600000, 0x00000007a0600000, 0x00000007a0700000|  0%| F|  |TS  0|AC  0|TAMS 0x00000007a0600000, 0x00000007a0600000|
|   7|0x00000007a0700000, 0x00000007a0700000, 0x00000007a0800000|  0%| F|  |TS  0|AC  0|TAMS 0x00000007a0700000, 0x00000007a0700000|
|   8|0x00000007a0800000, 0x00000007a0800000, 0x00000007a0900000|  0%| F|  |TS  0|AC  0|TAMS 0x00000007a0800000, 0x00000007a0800000|
|   9|0x00000007a0900000, 0x00000007a0900000, 0x00000007a0a00000|  0%| F|  |TS  0|AC  0|TAMS 0x00000007a0900000, 0x00000007a0900000|
|  10|0x00000007a0a00000, 0x00000007a0a00000, 0x00000007a0b00000|  0%| F|  |TS  0|AC  0|TAMS 0x00000007a0a00000, 0x00000007a0a00000|
|  11|0x00000007a0b00000, 0x00000007a0b00000, 0x00000007a0c00000|  0%| F|  |TS  0|AC  0|TAMS 0x00000007a0b00000, 0x00000007a0b00000|
|  12|0x00000007a0c00000, 0x00000007a0c00000, 0x00000007a0d00000|  0%| F|  |TS  0|AC  0|TAMS 0x00000007a0c00000, 0x00000007a0c00000|
|  13|0x00000007a0d00000, 0x00000007a0d00000, 0x00000007a0e00000|  0%| F|  |TS  0|AC  0|TAMS 0x00000007a0d00000, 0x00000007a0d00000|
|  14|0x00000007a0e00000, 0x00000007a0e00000, 0x00000007a0f00000|  0%| F|  |TS  0|AC  0|TAMS 0x00000007a0e00000, 0x00000007a0e00000|
|  15|0x00000007a0f00000, 0x00000007a0f00000, 0x00000007a1000000|  0%| F|  |TS  0|AC  0|TAMS 0x00000007a0f00000, 0x00000007a0f00000|
|  16|0x00000007a1000000, 0x00000007a1000000, 0x00000007a1100000|  0%| F|  |TS  0|AC  0|TAMS 0x00000007a1000000, 0x00000007a1000000|
|  17|0x00000007a1100000, 0x00000007a1100000, 0x00000007a1200000|  0%| F|  |TS  0|AC  0|TAMS 0x00000007a1100000, 0x00000007a1100000|
|  18|0x00000007a1200000, 0x00000007a1200000, 0x00000007a1300000|  0%| F|  |TS  0|AC  0|TAMS 0x00000007a1200000, 0x00000007a1200000|
|  19|0x00000007a1300000, 0x00000007a1300000, 0x00000007a1400000|  0%| F|  |TS  0|AC  0|TAMS 0x00000007a1300000, 0x00000007a1300000|
|  20|0x00000007a1400000, 0x00000007a1400000, 0x00000007a1500000|  0%| F|  |TS  0|AC  0|TAMS 0x00000007a1400000, 0x00000007a1400000|
|  21|0x00000007a1500000, 0x00000007a1500000, 0x00000007a1600000|  0%| F|  |TS  0|AC  0|TAMS 0x00000007a1500000, 0x00000007a1500000|
|  22|0x00000007a1600000, 0x00000007a1600000, 0x00000007a1700000|  0%| F|  |TS  0|AC  0|TAMS 0x00000007a1600000, 0x00000007a1600000|
|  23|0x00000007a1700000, 0x00000007a1700000, 0x00000007a1800000|  0%| F|  |TS  0|AC  0|TAMS 0x00000007a1700000, 0x00000007a1700000|
|  24|0x00000007a1800000, 0x00000007a1800000, 0x00000007a1900000|  0%| F|  |TS  0|AC  0|TAMS 0x00000007a1800000, 0x00000007a1800000|
|  25|0x00000007a1900000, 0x00000007a1900000, 0x00000007a1a00000|  0%| F|  |TS  0|AC  0|TAMS 0x00000007a1900000, 0x00000007a1900000|
|  26|0x00000007a1a00000, 0x00000007a1a00000, 0x00000007a1b00000|  0%| F|  |TS  0|AC  0|TAMS 0x00000007a1a00000, 0x00000007a1a00000|
|  27|0x00000007a1b00000, 0x00000007a1b00000, 0x00000007a1c00000|  0%| F|  |TS  0|AC  0|TAMS 0x00000007a1b00000, 0x00000007a1b00000|
|  28|0x00000007a1c00000, 0x00000007a1c00000, 0x00000007a1d00000|  0%| F|  |TS  0|AC  0|TAMS 0x00000007a1c00000, 0x00000007a1c00000|
|  29|0x00000007a1d00000, 0x00000007a1d00000, 0x00000007a1e00000|  0%| F|  |TS  0|AC  0|TAMS 0x00000007a1d00000, 0x00000007a1d00000|
|  30|0x00000007a1e00000, 0x00000007a1e00000, 0x00000007a1f00000|  0%| F|  |TS  0|AC  0|TAMS 0x00000007a1e00000, 0x00000007a1e00000|
|  31|0x00000007a1f00000, 0x00000007a1f00000, 0x00000007a2000000|  0%| F|  |TS  0|AC  0|TAMS 0x00000007a1f00000, 0x00000007a1f00000|
|  32|0x00000007a2000000, 0x00000007a2000000, 0x00000007a2100000|  0%| F|  |TS  0|AC  0|TAMS 0x00000007a2000000, 0x00000007a2000000|
|  33|0x00000007a2100000, 0x00000007a2100000, 0x00000007a2200000|  0%| F|  |TS  0|AC  0|TAMS 0x00000007a2100000, 0x00000007a2100000|
|  34|0x00000007a2200000, 0x00000007a2200000, 0x00000007a2300000|  0%| F|  |TS  0|AC  0|TAMS 0x00000007a2200000, 0x00000007a2200000|
|  35|0x00000007a2300000, 0x00000007a2300000, 0x00000007a2400000|  0%| F|  |TS  0|AC  0|TAMS 0x00000007a2300000, 0x00000007a2300000|
|  36|0x00000007a2400000, 0x00000007a2400000, 0x00000007a2500000|  0%| F|  |TS  0|AC  0|TAMS 0x00000007a2400000, 0x00000007a2400000|
|  37|0x00000007a2500000, 0x00000007a2500000, 0x00000007a2600000|  0%| F|  |TS  0|AC  0|TAMS 0x00000007a2500000, 0x00000007a2500000|
|  38|0x00000007a2600000, 0x00000007a2600000, 0x00000007a2700000|  0%| F|  |TS  0|AC  0|TAMS 0x00000007a2600000, 0x00000007a2600000|
|  39|0x00000007a2700000, 0x00000007a2700000, 0x00000007a2800000|  0%| F|  |TS  0|AC  0|TAMS 0x00000007a2700000, 0x00000007a2700000|
|  40|0x00000007a2800000, 0x00000007a2800000, 0x00000007a2900000|  0%| F|  |TS  0|AC  0|TAMS 0x00000007a2800000, 0x00000007a2800000|
|  41|0x00000007a2900000, 0x00000007a2900000, 0x00000007a2a00000|  0%| F|  |TS  0|AC  0|TAMS 0x00000007a2900000, 0x00000007a2900000|
|  42|0x00000007a2a00000, 0x00000007a2a00000, 0x00000007a2b00000|  0%| F|  |TS  0|AC  0|TAMS 0x00000007a2a00000, 0x00000007a2a00000|
|  43|0x00000007a2b00000, 0x00000007a2b00000, 0x00000007a2c00000|  0%| F|  |TS  0|AC  0|TAMS 0x00000007a2b00000, 0x00000007a2b00000|
|  44|0x00000007a2c00000, 0x00000007a2c00000, 0x00000007a2d00000|  0%| F|  |TS  0|AC  0|TAMS 0x00000007a2c00000, 0x00000007a2c00000|
|  45|0x00000007a2d00000, 0x00000007a2d00000, 0x00000007a2e00000|  0%| F|  |TS  0|AC  0|TAMS 0x00000007a2d00000, 0x00000007a2d00000|
|  46|0x00000007a2e00000, 0x00000007a2e00000, 0x00000007a2f00000|  0%| F|  |TS  0|AC  0|TAMS 0x00000007a2e00000, 0x00000007a2e00000|
|  47|0x00000007a2f00000, 0x00000007a2f00000, 0x00000007a3000000|  0%| F|  |TS  0|AC  0|TAMS 0x00000007a2f00000, 0x00000007a2f00000|
|  48|0x00000007a3000000, 0x00000007a3000000, 0x00000007a3100000|  0%| F|  |TS  0|AC  0|TAMS 0x00000007a3000000, 0x00000007a3000000|
|  49|0x00000007a3100000, 0x00000007a3100000, 0x00000007a3200000|  0%| F|  |TS  0|AC  0|TAMS 0x00000007a3100000, 0x00000007a3100000|
|  50|0x00000007a3200000, 0x00000007a3200000, 0x00000007a3300000|  0%| F|  |TS  0|AC  0|TAMS 0x00000007a3200000, 0x00000007a3200000|
|  51|0x00000007a3300000, 0x00000007a3300000, 0x00000007a3400000|  0%| F|  |TS  0|AC  0|TAMS 0x00000007a3300000, 0x00000007a3300000|
|  52|0x00000007a3400000, 0x00000007a3400000, 0x00000007a3500000|  0%| F|  |TS  0|AC  0|TAMS 0x00000007a3400000, 0x00000007a3400000|
|  53|0x00000007a3500000, 0x00000007a3500000, 0x00000007a3600000|  0%| F|  |TS  0|AC  0|TAMS 0x00000007a3500000, 0x00000007a3500000|
|  54|0x00000007a3600000, 0x00000007a3600000, 0x00000007a3700000|  0%| F|  |TS  0|AC  0|TAMS 0x00000007a3600000, 0x00000007a3600000|
|  55|0x00000007a3700000, 0x00000007a3700000, 0x00000007a3800000|  0%| F|  |TS  0|AC  0|TAMS 0x00000007a3700000, 0x00000007a3700000|
|  56|0x00000007a3800000, 0x00000007a3800000, 0x00000007a3900000|  0%| F|  |TS  0|AC  0|TAMS 0x00000007a3800000, 0x00000007a3800000|
|  57|0x00000007a3900000, 0x00000007a3900000, 0x00000007a3a00000|  0%| F|  |TS  0|AC  0|TAMS 0x00000007a3900000, 0x00000007a3900000|
|  58|0x00000007a3a00000, 0x00000007a3a00000, 0x00000007a3b00000|  0%| F|  |TS  0|AC  0|TAMS 0x00000007a3a00000, 0x00000007a3a00000|
|  59|0x00000007a3b00000, 0x00000007a3b00000, 0x00000007a3c00000|  0%| F|  |TS  0|AC  0|TAMS 0x00000007a3b00000, 0x00000007a3b00000|
|  60|0x00000007a3c00000, 0x00000007a3c00000, 0x00000007a3d00000|  0%| F|  |TS  0|AC  0|TAMS 0x00000007a3c00000, 0x00000007a3c00000|
|  61|0x00000007a3d00000, 0x00000007a3d00000, 0x00000007a3e00000|  0%| F|  |TS  0|AC  0